-------------------------------------------------------------------------------
Test set: de.neuefische.mavenfirststeps.neueapp.TestClassTest
-------------------------------------------------------------------------------
Tests run: 1, Failures: 1, Errors: 0, Skipped: 0, Time elapsed: 0.057 s <<< FAILURE! - in de.neuefische.mavenfirststeps.neueapp.TestClassTest
test  Time elapsed: 0.04 s  <<< FAILURE!
org.opentest4j.AssertionFailedError: expected: <6> but was: <5>
	at de.neuefische.mavenfirststeps.neueapp.TestClassTest.test(TestClassTest.java:10)

