<?xml version="1.0" encoding="UTF-8"?>
<testsuite xmlns:xsi="http://www.w3.org/2001/XMLSchema-instance" xsi:noNamespaceSchemaLocation="https://maven.apache.org/surefire/maven-surefire-plugin/xsd/surefire-test-report.xsd" name="de.neuefische.mavenfirststeps.neueapp.TestClassTest" time="0.057" tests="1" errors="0" skipped="0" failures="1">
  <properties>
[...]
</properties>
  <testcase name="test" classname="de.neuefische.mavenfirststeps.neueapp.TestClassTest" time="0.04">
    <failure message="expected: &lt;6&gt; but was: &lt;5&gt;" type="org.opentest4j.AssertionFailedError"><![CDATA[org.opentest4j.AssertionFailedError: expected: <6> but was: <5>
	at de.neuefische.mavenfirststeps.neueapp.TestClassTest.test(TestClassTest.java:10)
]]></failure>
  </testcase>
</testsuite>